17:26:46  [main] 	Initializing Control Panel
17:26:46  [main] 	Windows Version:  Enterprise  64-bit
17:26:46  [main] 	XAMPP Version: 7.4.33
17:26:46  [main] 	Control Panel Version: 3.3.0  [ Compiled: Apr 6th 2021 ]
17:26:46  [main] 	You are not running with administrator rights! This will work for
17:26:46  [main] 	most application stuff but whenever you do something with services
17:26:46  [main] 	there will be a security dialogue or things will break! So think 
17:26:46  [main] 	about running this application with administrator rights!
17:26:46  [main] 	XAMPP Installation Directory: "c:\xampp\"
17:26:46  [main] 	Checking for prerequisites
17:26:46  [main] 	All prerequisites found
17:26:46  [main] 	Initializing Modules
17:26:46  [main] 	Starting Check-Timer
17:26:46  [main] 	Control Panel Ready
17:26:51  [main] 	Deinitializing Modules
17:26:51  [main] 	Deinitializing Control Panel

17:27:31  [main] 	Initializing Control Panel
17:27:31  [main] 	Windows Version:  Enterprise  64-bit
17:27:31  [main] 	XAMPP Version: 7.4.33
17:27:31  [main] 	Control Panel Version: 3.3.0  [ Compiled: Apr 6th 2021 ]
17:27:31  [main] 	You are not running with administrator rights! This will work for
17:27:31  [main] 	most application stuff but whenever you do something with services
17:27:31  [main] 	there will be a security dialogue or things will break! So think 
17:27:31  [main] 	about running this application with administrator rights!
17:27:31  [main] 	XAMPP Installation Directory: "c:\xampp\"
17:27:31  [main] 	Checking for prerequisites
17:27:31  [main] 	All prerequisites found
17:27:31  [main] 	Initializing Modules
17:27:31  [main] 	Starting Check-Timer
17:27:31  [main] 	Control Panel Ready
17:27:33  [Apache] 	Attempting to start Apache app...
17:27:33  [Apache] 	Status change detected: running
17:27:33  [mysql] 	Attempting to start MySQL app...
17:27:34  [mysql] 	Status change detected: running
17:51:56  [Apache] 	Attempting to stop Apache (PID: 3224)
17:51:56  [Apache] 	Attempting to stop Apache (PID: 17616)
17:51:56  [Apache] 	Status change detected: stopped
17:51:56  [mysql] 	Attempting to stop MySQL app...
17:51:56  [mysql] 	Status change detected: stopped
17:51:57  [main] 	Deinitializing Modules
17:51:57  [main] 	Deinitializing Control Panel

20:06:34  [main] 	Initializing Control Panel
20:06:34  [main] 	Windows Version:  Enterprise  64-bit
20:06:34  [main] 	XAMPP Version: 7.4.33
20:06:34  [main] 	Control Panel Version: 3.3.0  [ Compiled: Apr 6th 2021 ]
20:06:34  [main] 	You are not running with administrator rights! This will work for
20:06:34  [main] 	most application stuff but whenever you do something with services
20:06:34  [main] 	there will be a security dialogue or things will break! So think 
20:06:34  [main] 	about running this application with administrator rights!
20:06:34  [main] 	XAMPP Installation Directory: "c:\xampp\"
20:06:34  [main] 	Checking for prerequisites
20:06:35  [main] 	All prerequisites found
20:06:35  [main] 	Initializing Modules
20:06:35  [main] 	Starting Check-Timer
20:06:35  [main] 	Control Panel Ready
20:06:36  [Apache] 	Attempting to start Apache app...
20:06:36  [Apache] 	Status change detected: running
20:06:37  [mysql] 	Attempting to start MySQL app...
20:06:37  [mysql] 	Status change detected: running
20:35:07  [mysql] 	Attempting to stop MySQL app...
20:35:07  [mysql] 	Status change detected: stopped
20:35:07  [Apache] 	Attempting to stop Apache (PID: 11456)
20:35:07  [Apache] 	Attempting to stop Apache (PID: 14968)
20:35:07  [Apache] 	Status change detected: stopped
20:35:10  [main] 	Deinitializing Modules
20:35:10  [main] 	Deinitializing Control Panel

22:19:51  [main] 	Initializing Control Panel
22:19:51  [main] 	Windows Version:  Home  64-bit
22:19:51  [main] 	XAMPP Version: 7.4.33
22:19:51  [main] 	Control Panel Version: 3.3.0  [ Compiled: Apr 6th 2021 ]
22:19:51  [main] 	You are not running with administrator rights! This will work for
22:19:51  [main] 	most application stuff but whenever you do something with services
22:19:51  [main] 	there will be a security dialogue or things will break! So think 
22:19:51  [main] 	about running this application with administrator rights!
22:19:51  [main] 	XAMPP Installation Directory: "c:\xampp\"
22:19:51  [main] 	Checking for prerequisites
22:19:51  [main] 	All prerequisites found
22:19:51  [main] 	Initializing Modules
22:19:52  [main] 	Starting Check-Timer
22:19:52  [main] 	Control Panel Ready
22:19:53  [Apache] 	Attempting to start Apache app...
22:19:54  [Apache] 	Status change detected: running
22:19:56  [mysql] 	Attempting to start MySQL app...
22:19:57  [mysql] 	Status change detected: running
22:19:59  [mysql] 	Status change detected: stopped
22:19:59  [mysql] 	Error: MySQL shutdown unexpectedly.
22:19:59  [mysql] 	This may be due to a blocked port, missing dependencies, 
22:19:59  [mysql] 	improper privileges, a crash, or a shutdown by another method.
22:19:59  [mysql] 	Press the Logs button to view error logs and check
22:19:59  [mysql] 	the Windows Event Viewer for more clues
22:19:59  [mysql] 	If you need more help, copy and post this
22:19:59  [mysql] 	entire log window on the forums
22:23:27  [Apache] 	Attempting to stop Apache (PID: 8768)
22:23:27  [Apache] 	Attempting to stop Apache (PID: 10020)
22:23:28  [Apache] 	Status change detected: stopped
22:23:28  [Apache] 	Attempting to start Apache app...
22:23:28  [Apache] 	Status change detected: running
22:23:30  [mysql] 	Attempting to start MySQL app...
22:23:32  [mysql] 	Status change detected: running
22:25:18  [mysql] 	Attempting to stop MySQL app...
22:25:18  [mysql] 	Status change detected: stopped
22:25:18  [Apache] 	Attempting to stop Apache (PID: 2828)
22:25:18  [Apache] 	Attempting to stop Apache (PID: 4204)
22:25:19  [Apache] 	Status change detected: stopped
22:26:14  [Apache] 	Attempting to start Apache app...
22:26:14  [Apache] 	Status change detected: running
22:26:16  [mysql] 	Attempting to start MySQL app...
22:26:16  [mysql] 	Status change detected: running
22:30:33  [mysql] 	Attempting to stop MySQL app...
22:30:33  [mysql] 	Status change detected: stopped
22:30:35  [mysql] 	Attempting to start MySQL app...
22:30:35  [mysql] 	Status change detected: running
22:31:37  [mysql] 	Attempting to stop MySQL app...
22:31:37  [mysql] 	Status change detected: stopped
22:31:38  [Apache] 	Attempting to stop Apache (PID: 13680)
22:31:38  [Apache] 	Attempting to stop Apache (PID: 8672)
22:31:38  [Apache] 	Status change detected: stopped
22:31:40  [main] 	Deinitializing Modules
22:31:40  [main] 	Deinitializing Control Panel

23:00:20  [main] 	Initializing Control Panel
23:00:20  [main] 	Windows Version:  Home  64-bit
23:00:20  [main] 	XAMPP Version: 7.4.33
23:00:20  [main] 	Control Panel Version: 3.3.0  [ Compiled: Apr 6th 2021 ]
23:00:20  [main] 	You are not running with administrator rights! This will work for
23:00:20  [main] 	most application stuff but whenever you do something with services
23:00:20  [main] 	there will be a security dialogue or things will break! So think 
23:00:20  [main] 	about running this application with administrator rights!
23:00:20  [main] 	XAMPP Installation Directory: "c:\xampp\"
23:00:20  [main] 	Checking for prerequisites
23:00:20  [main] 	All prerequisites found
23:00:20  [main] 	Initializing Modules
23:00:20  [main] 	Starting Check-Timer
23:00:20  [main] 	Control Panel Ready
23:00:21  [Apache] 	Attempting to start Apache app...
23:00:22  [Apache] 	Status change detected: running
23:00:23  [mysql] 	Attempting to start MySQL app...
23:00:24  [mysql] 	Status change detected: running
23:10:11  [Apache] 	Attempting to stop Apache (PID: 9824)
23:10:11  [Apache] 	Attempting to stop Apache (PID: 13036)
23:10:11  [mysql] 	Attempting to stop MySQL app...
23:10:11  [Apache] 	Status change detected: stopped
23:10:11  [mysql] 	Status change detected: stopped
23:10:14  [main] 	Deinitializing Modules
23:10:14  [main] 	Deinitializing Control Panel

22:57:15  [main] 	Initializing Control Panel
22:57:15  [main] 	Windows Version:  Home  64-bit
22:57:15  [main] 	XAMPP Version: 7.4.33
22:57:15  [main] 	Control Panel Version: 3.3.0  [ Compiled: Apr 6th 2021 ]
22:57:15  [main] 	You are not running with administrator rights! This will work for
22:57:15  [main] 	most application stuff but whenever you do something with services
22:57:15  [main] 	there will be a security dialogue or things will break! So think 
22:57:15  [main] 	about running this application with administrator rights!
22:57:15  [main] 	XAMPP Installation Directory: "c:\xampp\"
22:57:15  [main] 	Checking for prerequisites
22:57:15  [main] 	All prerequisites found
22:57:15  [main] 	Initializing Modules
22:57:15  [Apache] 	XAMPP Apache is already running on port 80
22:57:15  [Apache] 	XAMPP Apache is already running on port 443
22:57:15  [main] 	Starting Check-Timer
22:57:15  [main] 	Control Panel Ready
22:57:17  [mysql] 	Attempting to start MySQL app...
22:57:17  [mysql] 	Status change detected: running
22:57:19  [mysql] 	Status change detected: stopped
22:57:19  [mysql] 	Error: MySQL shutdown unexpectedly.
22:57:19  [mysql] 	This may be due to a blocked port, missing dependencies, 
22:57:19  [mysql] 	improper privileges, a crash, or a shutdown by another method.
22:57:19  [mysql] 	Press the Logs button to view error logs and check
22:57:19  [mysql] 	the Windows Event Viewer for more clues
22:57:19  [mysql] 	If you need more help, copy and post this
22:57:19  [mysql] 	entire log window on the forums
22:57:19  [Apache] 	Attempting to stop Apache (PID: 14104)
22:57:19  [Apache] 	Attempting to stop Apache (PID: 11976)
22:57:20  [Apache] 	Status change detected: stopped
22:57:21  [Apache] 	Attempting to start Apache app...
22:57:21  [Apache] 	Status change detected: running
22:57:22  [mysql] 	Attempting to start MySQL app...
22:57:23  [mysql] 	Status change detected: running
22:57:25  [mysql] 	Status change detected: stopped
22:57:25  [mysql] 	Error: MySQL shutdown unexpectedly.
22:57:25  [mysql] 	This may be due to a blocked port, missing dependencies, 
22:57:25  [mysql] 	improper privileges, a crash, or a shutdown by another method.
22:57:25  [mysql] 	Press the Logs button to view error logs and check
22:57:25  [mysql] 	the Windows Event Viewer for more clues
22:57:25  [mysql] 	If you need more help, copy and post this
22:57:25  [mysql] 	entire log window on the forums
22:57:28  [mysql] 	Attempting to start MySQL app...
22:57:28  [mysql] 	Attempting to start MySQL app...
22:57:28  [mysql] 	Status change detected: running
22:57:28  [mysql] 	Attempting to stop MySQL app...
22:57:28  [mysql] 	Attempting to stop MySQL app...
22:57:28  [mysql] 	Attempting to stop MySQL app...
22:57:28  [mysql] 	There may be an error, return code: 41140960 - 
22:57:28  [mysql] 	Attempting to stop MySQL app...
22:57:28  [mysql] 	There may be an error, return code: 41140960 - 
22:57:29  [mysql] 	Attempting to stop MySQL app...
22:57:29  [mysql] 	There may be an error, return code: 41140960 - 
22:57:29  [mysql] 	Attempting to stop MySQL app...
22:57:29  [mysql] 	There may be an error, return code: 41140960 - 
22:57:29  [mysql] 	Status change detected: stopped
22:57:29  [mysql] 	Attempting to start MySQL app...
22:57:30  [mysql] 	Status change detected: running
22:57:30  [mysql] 	Status change detected: stopped
22:57:30  [mysql] 	Error: MySQL shutdown unexpectedly.
22:57:30  [mysql] 	This may be due to a blocked port, missing dependencies, 
22:57:30  [mysql] 	improper privileges, a crash, or a shutdown by another method.
22:57:30  [mysql] 	Press the Logs button to view error logs and check
22:57:30  [mysql] 	the Windows Event Viewer for more clues
22:57:30  [mysql] 	If you need more help, copy and post this
22:57:30  [mysql] 	entire log window on the forums
22:57:31  [mysql] 	Attempting to start MySQL app...
22:57:31  [mysql] 	Status change detected: running
22:57:33  [mysql] 	Status change detected: stopped
22:57:33  [mysql] 	Error: MySQL shutdown unexpectedly.
22:57:33  [mysql] 	This may be due to a blocked port, missing dependencies, 
22:57:33  [mysql] 	improper privileges, a crash, or a shutdown by another method.
22:57:33  [mysql] 	Press the Logs button to view error logs and check
22:57:33  [mysql] 	the Windows Event Viewer for more clues
22:57:33  [mysql] 	If you need more help, copy and post this
22:57:33  [mysql] 	entire log window on the forums
22:59:14  [Apache] 	Attempting to stop Apache (PID: 7624)
22:59:14  [Apache] 	Attempting to stop Apache (PID: 9488)
22:59:14  [Apache] 	Status change detected: stopped
23:00:22  [Apache] 	Status change detected: running
23:00:23  [mysql] 	Status change detected: running
23:10:11  [Apache] 	Status change detected: stopped
23:10:11  [mysql] 	Status change detected: stopped
23:10:11  [mysql] 	Error: MySQL shutdown unexpectedly.
23:10:11  [mysql] 	This may be due to a blocked port, missing dependencies, 
23:10:11  [mysql] 	improper privileges, a crash, or a shutdown by another method.
23:10:11  [mysql] 	Press the Logs button to view error logs and check
23:10:11  [mysql] 	the Windows Event Viewer for more clues
23:10:11  [mysql] 	If you need more help, copy and post this
23:10:11  [mysql] 	entire log window on the forums
23:10:18  [main] 	Deinitializing Modules
23:10:18  [main] 	Deinitializing Control Panel

10:04:32  [main] 	Initializing Control Panel
10:04:32  [main] 	Windows Version:  Enterprise  64-bit
10:04:32  [main] 	XAMPP Version: 7.4.33
10:04:32  [main] 	Control Panel Version: 3.3.0  [ Compiled: Apr 6th 2021 ]
10:04:32  [main] 	You are not running with administrator rights! This will work for
10:04:32  [main] 	most application stuff but whenever you do something with services
10:04:32  [main] 	there will be a security dialogue or things will break! So think 
10:04:32  [main] 	about running this application with administrator rights!
10:04:32  [main] 	XAMPP Installation Directory: "c:\xampp\"
10:04:32  [main] 	Checking for prerequisites
10:04:32  [main] 	All prerequisites found
10:04:32  [main] 	Initializing Modules
10:04:32  [main] 	Starting Check-Timer
10:04:32  [main] 	Control Panel Ready
10:04:34  [mysql] 	Attempting to start MySQL app...
10:04:34  [Apache] 	Attempting to start Apache app...
10:04:34  [Apache] 	Status change detected: running
10:04:34  [mysql] 	Status change detected: running
10:09:34  [mysql] 	Attempting to stop MySQL app...
10:09:34  [Apache] 	Attempting to stop Apache (PID: 15616)
10:09:34  [Apache] 	Attempting to stop Apache (PID: 12704)
10:09:34  [Apache] 	Status change detected: stopped
10:09:34  [mysql] 	Status change detected: stopped
10:10:21  [main] 	Deinitializing Modules
10:10:21  [main] 	Deinitializing Control Panel

10:10:30  [main] 	Initializing Control Panel
10:10:30  [main] 	Windows Version:  Enterprise  64-bit
10:10:30  [main] 	XAMPP Version: 7.4.33
10:10:30  [main] 	Control Panel Version: 3.3.0  [ Compiled: Apr 6th 2021 ]
10:10:30  [main] 	You are not running with administrator rights! This will work for
10:10:30  [main] 	most application stuff but whenever you do something with services
10:10:30  [main] 	there will be a security dialogue or things will break! So think 
10:10:30  [main] 	about running this application with administrator rights!
10:10:30  [main] 	XAMPP Installation Directory: "c:\xampp\"
10:10:30  [main] 	Checking for prerequisites
10:10:30  [main] 	All prerequisites found
10:10:30  [main] 	Initializing Modules
10:10:30  [main] 	Starting Check-Timer
10:10:30  [main] 	Control Panel Ready
10:10:32  [main] 	Deinitializing Modules
10:10:32  [main] 	Deinitializing Control Panel

10:17:15  [main] 	Initializing Control Panel
10:17:15  [main] 	Windows Version:  Enterprise  64-bit
10:17:15  [main] 	XAMPP Version: 7.4.33
10:17:15  [main] 	Control Panel Version: 3.3.0  [ Compiled: Apr 6th 2021 ]
10:17:15  [main] 	You are not running with administrator rights! This will work for
10:17:15  [main] 	most application stuff but whenever you do something with services
10:17:15  [main] 	there will be a security dialogue or things will break! So think 
10:17:15  [main] 	about running this application with administrator rights!
10:17:15  [main] 	XAMPP Installation Directory: "c:\xampp\"
10:17:15  [main] 	Checking for prerequisites
10:17:15  [main] 	All prerequisites found
10:17:15  [main] 	Initializing Modules
10:17:15  [main] 	Starting Check-Timer
10:17:15  [main] 	Control Panel Ready
10:17:16  [Apache] 	Attempting to start Apache app...
10:17:17  [mysql] 	Attempting to start MySQL app...
10:17:17  [Apache] 	Status change detected: running
10:17:17  [mysql] 	Status change detected: running
10:47:02  [Apache] 	Attempting to stop Apache (PID: 13892)
10:47:02  [Apache] 	Attempting to stop Apache (PID: 16312)
10:47:02  [Apache] 	Status change detected: stopped
10:47:02  [mysql] 	Attempting to stop MySQL app...
10:47:03  [mysql] 	Status change detected: stopped
10:47:05  [main] 	Deinitializing Modules
10:47:05  [main] 	Deinitializing Control Panel

21:34:24  [main] 	Initializing Control Panel
21:34:24  [main] 	Windows Version:  Home  64-bit
21:34:24  [main] 	XAMPP Version: 7.4.33
21:34:24  [main] 	Control Panel Version: 3.3.0  [ Compiled: Apr 6th 2021 ]
21:34:24  [main] 	You are not running with administrator rights! This will work for
21:34:24  [main] 	most application stuff but whenever you do something with services
21:34:24  [main] 	there will be a security dialogue or things will break! So think 
21:34:24  [main] 	about running this application with administrator rights!
21:34:24  [main] 	XAMPP Installation Directory: "c:\xampp\"
21:34:24  [main] 	Checking for prerequisites
21:34:24  [main] 	All prerequisites found
21:34:24  [main] 	Initializing Modules
21:34:24  [main] 	Starting Check-Timer
21:34:24  [main] 	Control Panel Ready
21:34:34  [Apache] 	Attempting to start Apache app...
21:34:34  [Apache] 	Status change detected: running
21:34:36  [mysql] 	Attempting to start MySQL app...
21:34:37  [mysql] 	Status change detected: running
21:42:22  [Apache] 	Attempting to stop Apache (PID: 20768)
21:42:22  [Apache] 	Attempting to stop Apache (PID: 11096)
21:42:23  [Apache] 	Status change detected: stopped
21:42:23  [mysql] 	Attempting to stop MySQL app...
21:42:23  [mysql] 	Status change detected: stopped
21:42:25  [main] 	Deinitializing Modules
21:42:25  [main] 	Deinitializing Control Panel

21:44:12  [main] 	Initializing Control Panel
21:44:12  [main] 	Windows Version:  Home  64-bit
21:44:12  [main] 	XAMPP Version: 7.4.33
21:44:12  [main] 	Control Panel Version: 3.3.0  [ Compiled: Apr 6th 2021 ]
21:44:12  [main] 	You are not running with administrator rights! This will work for
21:44:12  [main] 	most application stuff but whenever you do something with services
21:44:12  [main] 	there will be a security dialogue or things will break! So think 
21:44:12  [main] 	about running this application with administrator rights!
21:44:12  [main] 	XAMPP Installation Directory: "c:\xampp\"
21:44:12  [main] 	Checking for prerequisites
21:44:12  [main] 	All prerequisites found
21:44:12  [main] 	Initializing Modules
21:44:12  [main] 	Starting Check-Timer
21:44:12  [main] 	Control Panel Ready
21:44:14  [Apache] 	Attempting to start Apache app...
21:44:14  [Apache] 	Status change detected: running
21:44:14  [mysql] 	Attempting to start MySQL app...
21:44:14  [mysql] 	Status change detected: running
21:52:40  [Apache] 	Attempting to stop Apache (PID: 13152)
21:52:40  [Apache] 	Attempting to stop Apache (PID: 27468)
21:52:40  [Apache] 	Status change detected: stopped
21:52:41  [mysql] 	Attempting to stop MySQL app...
21:52:41  [mysql] 	Status change detected: stopped
21:52:44  [main] 	Deinitializing Modules
21:52:44  [main] 	Deinitializing Control Panel

21:56:07  [main] 	Initializing Control Panel
21:56:07  [main] 	Windows Version:  Home  64-bit
21:56:07  [main] 	XAMPP Version: 7.4.33
21:56:07  [main] 	Control Panel Version: 3.3.0  [ Compiled: Apr 6th 2021 ]
21:56:07  [main] 	You are not running with administrator rights! This will work for
21:56:07  [main] 	most application stuff but whenever you do something with services
21:56:07  [main] 	there will be a security dialogue or things will break! So think 
21:56:07  [main] 	about running this application with administrator rights!
21:56:07  [main] 	XAMPP Installation Directory: "c:\xampp\"
21:56:07  [main] 	Checking for prerequisites
21:56:07  [main] 	All prerequisites found
21:56:07  [main] 	Initializing Modules
21:56:07  [main] 	Starting Check-Timer
21:56:07  [main] 	Control Panel Ready
21:56:09  [Apache] 	Attempting to start Apache app...
21:56:09  [Apache] 	Status change detected: running
21:56:09  [mysql] 	Attempting to start MySQL app...
21:56:09  [mysql] 	Status change detected: running
22:24:40  [Apache] 	Attempting to stop Apache (PID: 35224)
22:24:40  [Apache] 	Attempting to stop Apache (PID: 1272)
22:24:40  [Apache] 	Status change detected: stopped
22:24:40  [mysql] 	Attempting to stop MySQL app...
22:24:41  [mysql] 	Status change detected: stopped
22:24:41  [main] 	Deinitializing Modules
22:24:41  [main] 	Deinitializing Control Panel

22:25:29  [main] 	Initializing Control Panel
22:25:29  [main] 	Windows Version:  Home  64-bit
22:25:29  [main] 	XAMPP Version: 7.4.33
22:25:29  [main] 	Control Panel Version: 3.3.0  [ Compiled: Apr 6th 2021 ]
22:25:29  [main] 	You are not running with administrator rights! This will work for
22:25:29  [main] 	most application stuff but whenever you do something with services
22:25:29  [main] 	there will be a security dialogue or things will break! So think 
22:25:29  [main] 	about running this application with administrator rights!
22:25:29  [main] 	XAMPP Installation Directory: "c:\xampp\"
22:25:29  [main] 	Checking for prerequisites
22:25:29  [main] 	All prerequisites found
22:25:29  [main] 	Initializing Modules
22:25:29  [main] 	Starting Check-Timer
22:25:29  [main] 	Control Panel Ready
22:25:31  [Apache] 	Attempting to start Apache app...
22:25:31  [Apache] 	Status change detected: running
22:25:32  [mysql] 	Attempting to start MySQL app...
22:25:32  [mysql] 	Status change detected: running
22:48:43  [Apache] 	Attempting to stop Apache (PID: 15164)
22:48:43  [Apache] 	Attempting to stop Apache (PID: 28872)
22:48:44  [Apache] 	Status change detected: stopped
22:48:44  [mysql] 	Attempting to stop MySQL app...
22:48:44  [mysql] 	Status change detected: stopped
22:48:45  [main] 	Deinitializing Modules
22:48:45  [main] 	Deinitializing Control Panel

00:03:23  [main] 	Initializing Control Panel
00:03:23  [main] 	Windows Version:  Enterprise  64-bit
00:03:23  [main] 	XAMPP Version: 7.4.33
00:03:23  [main] 	Control Panel Version: 3.3.0  [ Compiled: Apr 6th 2021 ]
00:03:23  [main] 	You are not running with administrator rights! This will work for
00:03:23  [main] 	most application stuff but whenever you do something with services
00:03:23  [main] 	there will be a security dialogue or things will break! So think 
00:03:23  [main] 	about running this application with administrator rights!
00:03:23  [main] 	XAMPP Installation Directory: "c:\xampp\"
00:03:23  [main] 	Checking for prerequisites
00:03:23  [main] 	All prerequisites found
00:03:23  [main] 	Initializing Modules
00:03:23  [main] 	Starting Check-Timer
00:03:23  [main] 	Control Panel Ready
00:03:25  [mysql] 	Attempting to start MySQL app...
00:03:25  [mysql] 	Status change detected: running
00:03:27  [Apache] 	Attempting to start Apache app...
00:03:27  [Apache] 	Status change detected: running
12:31:31  [Apache] 	Attempting to stop Apache (PID: 14092)
12:31:31  [Apache] 	Attempting to stop Apache (PID: 9424)
12:31:31  [mysql] 	Attempting to stop MySQL app...
12:31:31  [Apache] 	Status change detected: stopped
12:31:31  [mysql] 	Status change detected: stopped
12:31:38  [mysql] 	Attempting to start MySQL app...
12:31:38  [mysql] 	Status change detected: running
22:03:42  [mysql] 	Attempting to stop MySQL app...
22:03:43  [mysql] 	Status change detected: stopped
22:03:43  [main] 	Deinitializing Modules
22:03:43  [main] 	Deinitializing Control Panel

15:52:02  [main] 	Initializing Control Panel
15:52:02  [main] 	Windows Version:  Enterprise  64-bit
15:52:02  [main] 	XAMPP Version: 7.4.33
15:52:02  [main] 	Control Panel Version: 3.3.0  [ Compiled: Apr 6th 2021 ]
15:52:02  [main] 	You are not running with administrator rights! This will work for
15:52:02  [main] 	most application stuff but whenever you do something with services
15:52:02  [main] 	there will be a security dialogue or things will break! So think 
15:52:02  [main] 	about running this application with administrator rights!
15:52:02  [main] 	XAMPP Installation Directory: "c:\xampp\"
15:52:02  [main] 	Checking for prerequisites
15:52:04  [main] 	All prerequisites found
15:52:04  [main] 	Initializing Modules
15:52:04  [main] 	Starting Check-Timer
15:52:04  [main] 	Control Panel Ready
15:52:06  [Apache] 	Attempting to start Apache app...
15:52:07  [Apache] 	Status change detected: running
15:52:07  [mysql] 	Attempting to start MySQL app...
15:52:07  [mysql] 	Status change detected: running
16:00:21  [Apache] 	Attempting to stop Apache (PID: 14460)
16:00:21  [Apache] 	Attempting to stop Apache (PID: 13336)
16:00:22  [Apache] 	Status change detected: stopped
16:00:22  [mysql] 	Attempting to stop MySQL app...
16:00:22  [mysql] 	Status change detected: stopped
16:00:25  [mysql] 	Attempting to start MySQL app...
16:00:25  [Apache] 	Attempting to start Apache app...
16:00:26  [Apache] 	Status change detected: running
16:00:26  [mysql] 	Status change detected: running
16:39:02  [Apache] 	Attempting to stop Apache (PID: 9512)
16:39:02  [Apache] 	Attempting to stop Apache (PID: 11756)
16:39:02  [Apache] 	Status change detected: stopped
16:39:02  [mysql] 	Attempting to stop MySQL app...
16:39:02  [mysql] 	Status change detected: stopped
16:39:03  [main] 	Deinitializing Modules
16:39:03  [main] 	Deinitializing Control Panel

17:45:56  [main] 	Initializing Control Panel
17:45:56  [main] 	Windows Version:  Enterprise  64-bit
17:45:56  [main] 	XAMPP Version: 7.4.33
17:45:56  [main] 	Control Panel Version: 3.3.0  [ Compiled: Apr 6th 2021 ]
17:45:56  [main] 	You are not running with administrator rights! This will work for
17:45:56  [main] 	most application stuff but whenever you do something with services
17:45:56  [main] 	there will be a security dialogue or things will break! So think 
17:45:56  [main] 	about running this application with administrator rights!
17:45:56  [main] 	XAMPP Installation Directory: "c:\xampp\"
17:45:56  [main] 	Checking for prerequisites
17:45:56  [main] 	All prerequisites found
17:45:56  [main] 	Initializing Modules
17:45:56  [main] 	Starting Check-Timer
17:45:56  [main] 	Control Panel Ready
17:45:57  [mysql] 	Attempting to start MySQL app...
17:45:58  [mysql] 	Status change detected: running
17:57:10  [mysql] 	Attempting to stop MySQL app...
17:57:10  [mysql] 	Status change detected: stopped
17:57:11  [main] 	Deinitializing Modules
17:57:11  [main] 	Deinitializing Control Panel

18:16:39  [main] 	Initializing Control Panel
18:16:39  [main] 	Windows Version:  Enterprise  64-bit
18:16:39  [main] 	XAMPP Version: 7.4.33
18:16:39  [main] 	Control Panel Version: 3.3.0  [ Compiled: Apr 6th 2021 ]
18:16:39  [main] 	You are not running with administrator rights! This will work for
18:16:39  [main] 	most application stuff but whenever you do something with services
18:16:39  [main] 	there will be a security dialogue or things will break! So think 
18:16:39  [main] 	about running this application with administrator rights!
18:16:39  [main] 	XAMPP Installation Directory: "c:\xampp\"
18:16:39  [main] 	Checking for prerequisites
18:16:39  [main] 	All prerequisites found
18:16:39  [main] 	Initializing Modules
18:16:39  [main] 	Starting Check-Timer
18:16:39  [main] 	Control Panel Ready
18:16:41  [Apache] 	Attempting to start Apache app...
18:16:41  [Apache] 	Status change detected: running
18:16:42  [mysql] 	Attempting to start MySQL app...
18:16:42  [mysql] 	Status change detected: running
19:03:26  [mysql] 	Attempting to stop MySQL app...
19:03:26  [mysql] 	Status change detected: stopped
19:03:26  [Apache] 	Attempting to stop Apache (PID: 16508)
19:03:26  [Apache] 	Attempting to stop Apache (PID: 15076)
19:03:26  [Apache] 	Status change detected: stopped
19:03:27  [main] 	Deinitializing Modules
19:03:27  [main] 	Deinitializing Control Panel

21:14:23  [main] 	Initializing Control Panel
21:14:23  [main] 	Windows Version:  Enterprise  64-bit
21:14:23  [main] 	XAMPP Version: 7.4.33
21:14:23  [main] 	Control Panel Version: 3.3.0  [ Compiled: Apr 6th 2021 ]
21:14:23  [main] 	You are not running with administrator rights! This will work for
21:14:23  [main] 	most application stuff but whenever you do something with services
21:14:23  [main] 	there will be a security dialogue or things will break! So think 
21:14:23  [main] 	about running this application with administrator rights!
21:14:23  [main] 	XAMPP Installation Directory: "c:\xampp\"
21:14:23  [main] 	Checking for prerequisites
21:14:23  [main] 	All prerequisites found
21:14:23  [main] 	Initializing Modules
21:14:23  [main] 	Starting Check-Timer
21:14:23  [main] 	Control Panel Ready
21:14:25  [Apache] 	Attempting to start Apache app...
21:14:25  [mysql] 	Attempting to start MySQL app...
21:14:25  [Apache] 	Status change detected: running
21:14:25  [mysql] 	Status change detected: running
21:57:27  [Apache] 	Attempting to stop Apache (PID: 15916)
21:57:27  [Apache] 	Attempting to stop Apache (PID: 8900)
21:57:27  [Apache] 	Status change detected: stopped
21:57:28  [mysql] 	Attempting to stop MySQL app...
21:57:28  [mysql] 	Status change detected: stopped
21:57:30  [main] 	Deinitializing Modules
21:57:30  [main] 	Deinitializing Control Panel

21:57:54  [main] 	Initializing Control Panel
21:57:54  [main] 	Windows Version:  Enterprise  64-bit
21:57:54  [main] 	XAMPP Version: 7.4.33
21:57:54  [main] 	Control Panel Version: 3.3.0  [ Compiled: Apr 6th 2021 ]
21:57:54  [main] 	You are not running with administrator rights! This will work for
21:57:54  [main] 	most application stuff but whenever you do something with services
21:57:54  [main] 	there will be a security dialogue or things will break! So think 
21:57:54  [main] 	about running this application with administrator rights!
21:57:54  [main] 	XAMPP Installation Directory: "c:\xampp\"
21:57:54  [main] 	Checking for prerequisites
21:57:54  [main] 	All prerequisites found
21:57:54  [main] 	Initializing Modules
21:57:54  [main] 	Starting Check-Timer
21:57:54  [main] 	Control Panel Ready
21:58:01  [main] 	Deinitializing Modules
21:58:01  [main] 	Deinitializing Control Panel

22:06:47  [main] 	Initializing Control Panel
22:06:47  [main] 	Windows Version:  Enterprise  64-bit
22:06:47  [main] 	XAMPP Version: 7.4.33
22:06:47  [main] 	Control Panel Version: 3.3.0  [ Compiled: Apr 6th 2021 ]
22:06:47  [main] 	You are not running with administrator rights! This will work for
22:06:47  [main] 	most application stuff but whenever you do something with services
22:06:47  [main] 	there will be a security dialogue or things will break! So think 
22:06:47  [main] 	about running this application with administrator rights!
22:06:47  [main] 	XAMPP Installation Directory: "c:\xampp\"
22:06:47  [main] 	Checking for prerequisites
22:06:47  [main] 	All prerequisites found
22:06:47  [main] 	Initializing Modules
22:06:47  [main] 	Starting Check-Timer
22:06:47  [main] 	Control Panel Ready
22:06:49  [Apache] 	Attempting to start Apache app...
22:06:49  [Apache] 	Status change detected: running
22:06:49  [mysql] 	Attempting to start MySQL app...
22:06:50  [mysql] 	Status change detected: running
22:07:08  [mysql] 	Attempting to stop MySQL app...
22:07:08  [mysql] 	Status change detected: stopped
22:07:08  [Apache] 	Attempting to stop Apache (PID: 14780)
22:07:08  [Apache] 	Attempting to stop Apache (PID: 5176)
22:07:08  [Apache] 	Status change detected: stopped
22:10:26  [Apache] 	Attempting to start Apache app...
22:10:27  [mysql] 	Attempting to start MySQL app...
22:10:27  [Apache] 	Status change detected: running
22:10:27  [mysql] 	Status change detected: running
22:13:11  [Apache] 	Attempting to stop Apache (PID: 9000)
22:13:11  [Apache] 	Attempting to stop Apache (PID: 960)
22:13:11  [Apache] 	Status change detected: stopped
22:13:11  [mysql] 	Attempting to stop MySQL app...
22:13:11  [mysql] 	Status change detected: stopped
22:13:12  [main] 	Deinitializing Modules
22:13:12  [main] 	Deinitializing Control Panel

22:55:39  [main] 	Initializing Control Panel
22:55:39  [main] 	Windows Version:  Enterprise  64-bit
22:55:39  [main] 	XAMPP Version: 7.4.33
22:55:39  [main] 	Control Panel Version: 3.3.0  [ Compiled: Apr 6th 2021 ]
22:55:39  [main] 	You are not running with administrator rights! This will work for
22:55:39  [main] 	most application stuff but whenever you do something with services
22:55:39  [main] 	there will be a security dialogue or things will break! So think 
22:55:39  [main] 	about running this application with administrator rights!
22:55:39  [main] 	XAMPP Installation Directory: "c:\xampp\"
22:55:39  [main] 	Checking for prerequisites
22:55:40  [main] 	All prerequisites found
22:55:40  [main] 	Initializing Modules
22:55:40  [main] 	Starting Check-Timer
22:55:40  [main] 	Control Panel Ready
22:55:43  [Apache] 	Attempting to start Apache app...
22:55:43  [Apache] 	Status change detected: running
22:55:44  [mysql] 	Attempting to start MySQL app...
22:55:44  [mysql] 	Status change detected: running
23:18:11  [mysql] 	Attempting to stop MySQL app...
23:18:12  [mysql] 	Status change detected: stopped
23:18:13  [Apache] 	Attempting to stop Apache (PID: 279924)
23:18:13  [Apache] 	Attempting to stop Apache (PID: 280220)
23:18:13  [Apache] 	Status change detected: stopped
23:18:17  [main] 	Deinitializing Modules
23:18:17  [main] 	Deinitializing Control Panel

09:12:13  [main] 	Initializing Control Panel
09:12:13  [main] 	Windows Version:  Enterprise  64-bit
09:12:13  [main] 	XAMPP Version: 7.4.33
09:12:13  [main] 	Control Panel Version: 3.3.0  [ Compiled: Apr 6th 2021 ]
09:12:13  [main] 	You are not running with administrator rights! This will work for
09:12:13  [main] 	most application stuff but whenever you do something with services
09:12:13  [main] 	there will be a security dialogue or things will break! So think 
09:12:13  [main] 	about running this application with administrator rights!
09:12:13  [main] 	XAMPP Installation Directory: "c:\xampp\"
09:12:13  [main] 	Checking for prerequisites
09:12:14  [main] 	All prerequisites found
09:12:14  [main] 	Initializing Modules
09:12:14  [main] 	Starting Check-Timer
09:12:14  [main] 	Control Panel Ready
09:12:29  [Apache] 	Attempting to start Apache app...
09:12:29  [mysql] 	Attempting to start MySQL app...
09:12:29  [Apache] 	Status change detected: running
09:12:29  [mysql] 	Status change detected: running
09:56:50  [Apache] 	Attempting to stop Apache (PID: 4936)
09:56:50  [Apache] 	Attempting to stop Apache (PID: 10380)
09:56:50  [mysql] 	Attempting to stop MySQL app...
09:56:50  [Apache] 	Status change detected: stopped
09:56:50  [mysql] 	Status change detected: stopped
09:56:51  [main] 	Deinitializing Modules
09:56:51  [main] 	Deinitializing Control Panel

10:00:55  [main] 	Initializing Control Panel
10:00:55  [main] 	Windows Version:  Enterprise  64-bit
10:00:55  [main] 	XAMPP Version: 7.4.33
10:00:55  [main] 	Control Panel Version: 3.3.0  [ Compiled: Apr 6th 2021 ]
10:00:55  [main] 	You are not running with administrator rights! This will work for
10:00:55  [main] 	most application stuff but whenever you do something with services
10:00:55  [main] 	there will be a security dialogue or things will break! So think 
10:00:55  [main] 	about running this application with administrator rights!
10:00:55  [main] 	XAMPP Installation Directory: "c:\xampp\"
10:00:55  [main] 	Checking for prerequisites
10:00:55  [main] 	All prerequisites found
10:00:55  [main] 	Initializing Modules
10:00:55  [main] 	Starting Check-Timer
10:00:55  [main] 	Control Panel Ready
10:00:57  [Apache] 	Attempting to start Apache app...
10:00:57  [Apache] 	Status change detected: running
10:00:58  [mysql] 	Attempting to start MySQL app...
10:00:58  [mysql] 	Status change detected: running
10:01:28  [Apache] 	Attempting to stop Apache (PID: 11568)
10:01:28  [Apache] 	Attempting to stop Apache (PID: 1376)
10:01:29  [mysql] 	Attempting to stop MySQL app...
10:01:29  [Apache] 	Status change detected: stopped
10:01:29  [mysql] 	Status change detected: stopped
10:01:30  [main] 	Deinitializing Modules
10:01:30  [main] 	Deinitializing Control Panel

10:25:01  [main] 	Initializing Control Panel
10:25:01  [main] 	Windows Version:  Enterprise  64-bit
10:25:01  [main] 	XAMPP Version: 7.4.33
10:25:01  [main] 	Control Panel Version: 3.3.0  [ Compiled: Apr 6th 2021 ]
10:25:01  [main] 	You are not running with administrator rights! This will work for
10:25:01  [main] 	most application stuff but whenever you do something with services
10:25:01  [main] 	there will be a security dialogue or things will break! So think 
10:25:01  [main] 	about running this application with administrator rights!
10:25:01  [main] 	XAMPP Installation Directory: "c:\xampp\"
10:25:01  [main] 	Checking for prerequisites
10:25:01  [main] 	All prerequisites found
10:25:01  [main] 	Initializing Modules
10:25:01  [main] 	Starting Check-Timer
10:25:01  [main] 	Control Panel Ready
10:25:03  [Apache] 	Attempting to start Apache app...
10:25:03  [Apache] 	Status change detected: running
10:25:03  [mysql] 	Attempting to start MySQL app...
10:25:04  [mysql] 	Status change detected: running
10:38:54  [Apache] 	Attempting to stop Apache (PID: 8464)
10:38:54  [Apache] 	Attempting to stop Apache (PID: 14592)
10:38:54  [Apache] 	Status change detected: stopped
10:38:55  [mysql] 	Attempting to stop MySQL app...
10:38:55  [mysql] 	Status change detected: stopped
10:38:56  [main] 	Deinitializing Modules
10:38:56  [main] 	Deinitializing Control Panel

10:48:37  [main] 	Initializing Control Panel
10:48:37  [main] 	Windows Version:  Enterprise  64-bit
10:48:37  [main] 	XAMPP Version: 7.4.33
10:48:37  [main] 	Control Panel Version: 3.3.0  [ Compiled: Apr 6th 2021 ]
10:48:37  [main] 	You are not running with administrator rights! This will work for
10:48:37  [main] 	most application stuff but whenever you do something with services
10:48:37  [main] 	there will be a security dialogue or things will break! So think 
10:48:37  [main] 	about running this application with administrator rights!
10:48:37  [main] 	XAMPP Installation Directory: "c:\xampp\"
10:48:37  [main] 	Checking for prerequisites
10:48:37  [main] 	All prerequisites found
10:48:37  [main] 	Initializing Modules
10:48:37  [main] 	Starting Check-Timer
10:48:37  [main] 	Control Panel Ready
10:48:38  [Apache] 	Attempting to start Apache app...
10:48:39  [Apache] 	Status change detected: running
10:48:39  [mysql] 	Attempting to start MySQL app...
10:48:39  [mysql] 	Status change detected: running
10:54:12  [Apache] 	Attempting to stop Apache (PID: 15476)
10:54:12  [Apache] 	Attempting to stop Apache (PID: 8400)
10:54:12  [Apache] 	Status change detected: stopped
10:54:13  [mysql] 	Attempting to stop MySQL app...
10:54:13  [mysql] 	Status change detected: stopped
10:54:15  [main] 	Deinitializing Modules
10:54:15  [main] 	Deinitializing Control Panel

10:54:49  [main] 	Initializing Control Panel
10:54:49  [main] 	Windows Version:  Enterprise  64-bit
10:54:49  [main] 	XAMPP Version: 7.4.33
10:54:49  [main] 	Control Panel Version: 3.3.0  [ Compiled: Apr 6th 2021 ]
10:54:49  [main] 	You are not running with administrator rights! This will work for
10:54:49  [main] 	most application stuff but whenever you do something with services
10:54:49  [main] 	there will be a security dialogue or things will break! So think 
10:54:49  [main] 	about running this application with administrator rights!
10:54:49  [main] 	XAMPP Installation Directory: "c:\xampp\"
10:54:49  [main] 	Checking for prerequisites
10:54:49  [main] 	All prerequisites found
10:54:49  [main] 	Initializing Modules
10:54:49  [main] 	Starting Check-Timer
10:54:49  [main] 	Control Panel Ready
10:54:51  [Apache] 	Attempting to start Apache app...
10:54:51  [mysql] 	Attempting to start MySQL app...
10:54:51  [Apache] 	Status change detected: running
10:54:51  [mysql] 	Status change detected: running
10:56:13  [Apache] 	Attempting to stop Apache (PID: 11372)
10:56:13  [Apache] 	Attempting to stop Apache (PID: 1660)
10:56:13  [Apache] 	Status change detected: stopped
10:56:13  [mysql] 	Attempting to stop MySQL app...
10:56:13  [mysql] 	Status change detected: stopped
10:56:53  [main] 	Deinitializing Modules
10:56:53  [main] 	Deinitializing Control Panel

11:09:19  [main] 	Initializing Control Panel
11:09:19  [main] 	Windows Version:  Enterprise  64-bit
11:09:19  [main] 	XAMPP Version: 7.4.33
11:09:19  [main] 	Control Panel Version: 3.3.0  [ Compiled: Apr 6th 2021 ]
11:09:19  [main] 	You are not running with administrator rights! This will work for
11:09:19  [main] 	most application stuff but whenever you do something with services
11:09:19  [main] 	there will be a security dialogue or things will break! So think 
11:09:19  [main] 	about running this application with administrator rights!
11:09:19  [main] 	XAMPP Installation Directory: "c:\xampp\"
11:09:19  [main] 	Checking for prerequisites
11:09:19  [main] 	All prerequisites found
11:09:19  [main] 	Initializing Modules
11:09:19  [main] 	Starting Check-Timer
11:09:19  [main] 	Control Panel Ready
11:09:21  [mysql] 	Attempting to start MySQL app...
11:09:22  [mysql] 	Status change detected: running
11:09:37  [Apache] 	Attempting to start Apache app...
11:09:37  [Apache] 	Status change detected: running
12:04:35  [Apache] 	Attempting to stop Apache (PID: 10960)
12:04:35  [Apache] 	Attempting to stop Apache (PID: 4700)
12:04:36  [Apache] 	Status change detected: stopped
12:04:36  [mysql] 	Attempting to stop MySQL app...
12:04:36  [mysql] 	Status change detected: stopped
12:04:38  [main] 	Deinitializing Modules
12:04:38  [main] 	Deinitializing Control Panel

13:23:24  [main] 	Initializing Control Panel
13:23:24  [main] 	Windows Version:  Enterprise  64-bit
13:23:24  [main] 	XAMPP Version: 7.4.33
13:23:24  [main] 	Control Panel Version: 3.3.0  [ Compiled: Apr 6th 2021 ]
13:23:24  [main] 	You are not running with administrator rights! This will work for
13:23:24  [main] 	most application stuff but whenever you do something with services
13:23:24  [main] 	there will be a security dialogue or things will break! So think 
13:23:24  [main] 	about running this application with administrator rights!
13:23:24  [main] 	XAMPP Installation Directory: "c:\xampp\"
13:23:24  [main] 	Checking for prerequisites
13:23:24  [main] 	All prerequisites found
13:23:24  [main] 	Initializing Modules
13:23:24  [main] 	Starting Check-Timer
13:23:24  [main] 	Control Panel Ready
13:23:26  [mysql] 	Attempting to start MySQL app...
13:23:26  [mysql] 	Status change detected: running
13:23:27  [Apache] 	Attempting to start Apache app...
13:23:27  [Apache] 	Status change detected: running
13:32:35  [mysql] 	Attempting to stop MySQL app...
13:32:35  [mysql] 	Status change detected: stopped
13:32:36  [Apache] 	Attempting to stop Apache (PID: 100676)
13:32:36  [Apache] 	Attempting to stop Apache (PID: 100792)
13:32:36  [Apache] 	Status change detected: stopped
13:32:38  [mysql] 	Attempting to start MySQL app...
13:32:38  [mysql] 	Status change detected: running
13:32:39  [Apache] 	Attempting to start Apache app...
13:32:39  [Apache] 	Status change detected: running
13:34:10  [Apache] 	Attempting to stop Apache (PID: 101576)
13:34:10  [Apache] 	Attempting to stop Apache (PID: 101432)
13:34:10  [Apache] 	Status change detected: stopped
13:34:11  [mysql] 	Attempting to stop MySQL app...
13:34:11  [mysql] 	Status change detected: stopped
13:34:12  [Apache] 	Attempting to start Apache app...
13:34:12  [Apache] 	Status change detected: running
13:34:13  [mysql] 	Attempting to start MySQL app...
13:34:13  [mysql] 	Status change detected: running
14:09:44  [mysql] 	Attempting to stop MySQL app...
14:09:44  [mysql] 	Status change detected: stopped
14:09:44  [Apache] 	Attempting to stop Apache (PID: 100496)
14:09:44  [Apache] 	Attempting to stop Apache (PID: 102960)
14:09:44  [Apache] 	Status change detected: stopped
14:09:45  [main] 	Deinitializing Modules
14:09:45  [main] 	Deinitializing Control Panel

10:47:37  [main] 	Initializing Control Panel
10:47:37  [main] 	Windows Version:  Enterprise  64-bit
10:47:37  [main] 	XAMPP Version: 7.4.33
10:47:37  [main] 	Control Panel Version: 3.3.0  [ Compiled: Apr 6th 2021 ]
10:47:37  [main] 	You are not running with administrator rights! This will work for
10:47:37  [main] 	most application stuff but whenever you do something with services
10:47:37  [main] 	there will be a security dialogue or things will break! So think 
10:47:37  [main] 	about running this application with administrator rights!
10:47:37  [main] 	XAMPP Installation Directory: "c:\xampp\"
10:47:37  [main] 	Checking for prerequisites
10:47:41  [main] 	All prerequisites found
10:47:41  [main] 	Initializing Modules
10:47:41  [main] 	Starting Check-Timer
10:47:41  [main] 	Control Panel Ready
10:48:03  [Apache] 	Attempting to start Apache app...
10:48:03  [Apache] 	Status change detected: running
10:48:03  [mysql] 	Attempting to start MySQL app...
10:48:03  [mysql] 	Status change detected: running
11:28:25  [Apache] 	Attempting to stop Apache (PID: 13396)
11:28:25  [Apache] 	Attempting to stop Apache (PID: 13916)
11:28:25  [Apache] 	Status change detected: stopped
11:28:26  [mysql] 	Attempting to stop MySQL app...
11:28:26  [mysql] 	Status change detected: stopped
11:28:27  [main] 	Deinitializing Modules
11:28:27  [main] 	Deinitializing Control Panel

11:30:04  [main] 	Initializing Control Panel
11:30:04  [main] 	Windows Version:  Enterprise  64-bit
11:30:04  [main] 	XAMPP Version: 7.4.33
11:30:04  [main] 	Control Panel Version: 3.3.0  [ Compiled: Apr 6th 2021 ]
11:30:04  [main] 	You are not running with administrator rights! This will work for
11:30:04  [main] 	most application stuff but whenever you do something with services
11:30:04  [main] 	there will be a security dialogue or things will break! So think 
11:30:04  [main] 	about running this application with administrator rights!
11:30:04  [main] 	XAMPP Installation Directory: "c:\xampp\"
11:30:04  [main] 	Checking for prerequisites
11:30:04  [main] 	All prerequisites found
11:30:04  [main] 	Initializing Modules
11:30:04  [main] 	Starting Check-Timer
11:30:04  [main] 	Control Panel Ready
11:30:05  [Apache] 	Attempting to start Apache app...
11:30:05  [Apache] 	Status change detected: running
11:30:05  [mysql] 	Attempting to start MySQL app...
11:30:06  [mysql] 	Status change detected: running
11:51:04  [mysql] 	Attempting to stop MySQL app...
11:51:04  [mysql] 	Status change detected: stopped
11:51:05  [Apache] 	Attempting to stop Apache (PID: 14644)
11:51:05  [Apache] 	Attempting to stop Apache (PID: 9592)
11:51:05  [Apache] 	Status change detected: stopped
11:51:06  [main] 	Deinitializing Modules
11:51:06  [main] 	Deinitializing Control Panel

11:54:14  [main] 	Initializing Control Panel
11:54:14  [main] 	Windows Version:  Enterprise  64-bit
11:54:14  [main] 	XAMPP Version: 7.4.33
11:54:14  [main] 	Control Panel Version: 3.3.0  [ Compiled: Apr 6th 2021 ]
11:54:14  [main] 	You are not running with administrator rights! This will work for
11:54:14  [main] 	most application stuff but whenever you do something with services
11:54:14  [main] 	there will be a security dialogue or things will break! So think 
11:54:14  [main] 	about running this application with administrator rights!
11:54:14  [main] 	XAMPP Installation Directory: "c:\xampp\"
11:54:14  [main] 	Checking for prerequisites
11:54:14  [main] 	All prerequisites found
11:54:14  [main] 	Initializing Modules
11:54:14  [main] 	Starting Check-Timer
11:54:14  [main] 	Control Panel Ready
11:54:16  [mysql] 	Attempting to start MySQL app...
11:54:16  [mysql] 	Status change detected: running
11:54:27  [Apache] 	Attempting to start Apache app...
11:54:27  [Apache] 	Status change detected: running
11:55:20  [mysql] 	Attempting to stop MySQL app...
11:55:20  [Apache] 	Attempting to stop Apache (PID: 5128)
11:55:20  [Apache] 	Attempting to stop Apache (PID: 9032)
11:55:20  [Apache] 	Status change detected: stopped
11:55:20  [mysql] 	Status change detected: stopped
11:55:21  [main] 	Deinitializing Modules
11:55:21  [main] 	Deinitializing Control Panel

20:50:17  [main] 	Initializing Control Panel
20:50:17  [main] 	Windows Version:  Enterprise  64-bit
20:50:17  [main] 	XAMPP Version: 7.4.33
20:50:17  [main] 	Control Panel Version: 3.3.0  [ Compiled: Apr 6th 2021 ]
20:50:17  [main] 	You are not running with administrator rights! This will work for
20:50:17  [main] 	most application stuff but whenever you do something with services
20:50:17  [main] 	there will be a security dialogue or things will break! So think 
20:50:17  [main] 	about running this application with administrator rights!
20:50:17  [main] 	XAMPP Installation Directory: "c:\xampp\"
20:50:18  [main] 	Checking for prerequisites
20:50:18  [main] 	All prerequisites found
20:50:18  [main] 	Initializing Modules
20:50:18  [main] 	Starting Check-Timer
20:50:18  [main] 	Control Panel Ready
20:50:20  [Apache] 	Attempting to start Apache app...
20:50:20  [Apache] 	Status change detected: running
20:50:21  [mysql] 	Attempting to start MySQL app...
20:50:21  [mysql] 	Status change detected: running
22:13:02  [mysql] 	Attempting to stop MySQL app...
22:13:03  [mysql] 	Status change detected: stopped
22:13:03  [Apache] 	Attempting to stop Apache (PID: 299644)
22:13:03  [Apache] 	Attempting to stop Apache (PID: 299752)
22:13:04  [Apache] 	Status change detected: stopped
22:13:05  [main] 	Deinitializing Modules
22:13:05  [main] 	Deinitializing Control Panel

18:01:10  [main] 	Initializing Control Panel
18:01:10  [main] 	Windows Version:  Enterprise  64-bit
18:01:10  [main] 	XAMPP Version: 7.4.33
18:01:10  [main] 	Control Panel Version: 3.3.0  [ Compiled: Apr 6th 2021 ]
18:01:10  [main] 	You are not running with administrator rights! This will work for
18:01:10  [main] 	most application stuff but whenever you do something with services
18:01:10  [main] 	there will be a security dialogue or things will break! So think 
18:01:10  [main] 	about running this application with administrator rights!
18:01:10  [main] 	XAMPP Installation Directory: "c:\xampp\"
18:01:10  [main] 	Checking for prerequisites
18:01:10  [main] 	All prerequisites found
18:01:10  [main] 	Initializing Modules
18:01:10  [main] 	Starting Check-Timer
18:01:10  [main] 	Control Panel Ready
18:01:11  [mysql] 	Attempting to start MySQL app...
18:01:11  [mysql] 	Status change detected: running
18:01:12  [Apache] 	Attempting to start Apache app...
18:01:12  [Apache] 	Status change detected: running
18:04:33  [Apache] 	Attempting to stop Apache (PID: 15928)
18:04:33  [Apache] 	Attempting to stop Apache (PID: 14156)
18:04:33  [Apache] 	Status change detected: stopped
18:04:33  [mysql] 	Attempting to stop MySQL app...
18:04:34  [mysql] 	Status change detected: stopped
18:04:35  [main] 	Deinitializing Modules
18:04:35  [main] 	Deinitializing Control Panel

21:45:38  [main] 	Initializing Control Panel
21:45:38  [main] 	Windows Version:  Enterprise  64-bit
21:45:38  [main] 	XAMPP Version: 7.4.33
21:45:38  [main] 	Control Panel Version: 3.3.0  [ Compiled: Apr 6th 2021 ]
21:45:38  [main] 	You are not running with administrator rights! This will work for
21:45:38  [main] 	most application stuff but whenever you do something with services
21:45:38  [main] 	there will be a security dialogue or things will break! So think 
21:45:38  [main] 	about running this application with administrator rights!
21:45:38  [main] 	XAMPP Installation Directory: "c:\xampp\"
21:45:38  [main] 	Checking for prerequisites
21:45:38  [main] 	All prerequisites found
21:45:38  [main] 	Initializing Modules
21:45:38  [main] 	Starting Check-Timer
21:45:38  [main] 	Control Panel Ready
21:46:04  [main] 	Deinitializing Modules
21:46:04  [main] 	Deinitializing Control Panel

21:46:58  [main] 	Initializing Control Panel
21:46:58  [main] 	Windows Version:  Enterprise  64-bit
21:46:58  [main] 	XAMPP Version: 7.4.33
21:46:58  [main] 	Control Panel Version: 3.3.0  [ Compiled: Apr 6th 2021 ]
21:46:58  [main] 	You are not running with administrator rights! This will work for
21:46:58  [main] 	most application stuff but whenever you do something with services
21:46:58  [main] 	there will be a security dialogue or things will break! So think 
21:46:58  [main] 	about running this application with administrator rights!
21:46:58  [main] 	XAMPP Installation Directory: "c:\xampp\"
21:46:58  [main] 	Checking for prerequisites
21:46:58  [main] 	All prerequisites found
21:46:58  [main] 	Initializing Modules
21:46:58  [main] 	Starting Check-Timer
21:46:58  [main] 	Control Panel Ready
21:47:17  [main] 	Executing "c:\xampp\"
21:48:09  [Apache] 	Attempting to start Apache app...
21:48:09  [Apache] 	Status change detected: running
21:48:09  [mysql] 	Attempting to start MySQL app...
21:48:10  [mysql] 	Status change detected: running
21:50:07  [mysql] 	Attempting to stop MySQL app...
21:50:08  [mysql] 	Status change detected: stopped
21:50:09  [Apache] 	Attempting to stop Apache (PID: 14088)
21:50:09  [Apache] 	Attempting to stop Apache (PID: 856)
21:50:09  [Apache] 	Status change detected: stopped
21:50:10  [main] 	Deinitializing Modules
21:50:10  [main] 	Deinitializing Control Panel

18:51:00  [main] 	Initializing Control Panel
18:51:00  [main] 	Windows Version:  Enterprise  64-bit
18:51:00  [main] 	XAMPP Version: 7.4.33
18:51:00  [main] 	Control Panel Version: 3.3.0  [ Compiled: Apr 6th 2021 ]
18:51:00  [main] 	You are not running with administrator rights! This will work for
18:51:00  [main] 	most application stuff but whenever you do something with services
18:51:00  [main] 	there will be a security dialogue or things will break! So think 
18:51:00  [main] 	about running this application with administrator rights!
18:51:00  [main] 	XAMPP Installation Directory: "c:\xampp\"
18:51:00  [main] 	Checking for prerequisites
18:51:00  [main] 	All prerequisites found
18:51:00  [main] 	Initializing Modules
18:51:00  [main] 	Starting Check-Timer
18:51:00  [main] 	Control Panel Ready
18:51:11  [Apache] 	Attempting to start Apache app...
18:51:11  [Apache] 	Status change detected: running
18:51:11  [mysql] 	Attempting to start MySQL app...
18:51:12  [mysql] 	Status change detected: running
18:57:13  [Apache] 	Attempting to stop Apache (PID: 12696)
18:57:13  [Apache] 	Attempting to stop Apache (PID: 5772)
18:57:13  [mysql] 	Attempting to stop MySQL app...
18:57:13  [Apache] 	Status change detected: stopped
18:57:13  [mysql] 	Status change detected: stopped
18:57:14  [main] 	Deinitializing Modules
18:57:14  [main] 	Deinitializing Control Panel

9:28:15 PM  [main] 	Initializing Control Panel
9:28:15 PM  [main] 	Windows Version:  Enterprise  64-bit
9:28:15 PM  [main] 	XAMPP Version: 7.4.33
9:28:15 PM  [main] 	Control Panel Version: 3.3.0  [ Compiled: Apr 6th 2021 ]
9:28:15 PM  [main] 	You are not running with administrator rights! This will work for
9:28:15 PM  [main] 	most application stuff but whenever you do something with services
9:28:15 PM  [main] 	there will be a security dialogue or things will break! So think 
9:28:15 PM  [main] 	about running this application with administrator rights!
9:28:15 PM  [main] 	XAMPP Installation Directory: "c:\xampp\"
9:28:15 PM  [main] 	Checking for prerequisites
9:28:15 PM  [main] 	All prerequisites found
9:28:15 PM  [main] 	Initializing Modules
9:28:15 PM  [main] 	Starting Check-Timer
9:28:15 PM  [main] 	Control Panel Ready
9:28:18 PM  [Apache] 	Attempting to start Apache app...
9:28:18 PM  [Apache] 	Status change detected: running
9:28:19 PM  [mysql] 	Attempting to start MySQL app...
9:28:19 PM  [mysql] 	Status change detected: running
9:33:30 PM  [Apache] 	Attempting to stop Apache (PID: 12044)
9:33:30 PM  [Apache] 	Attempting to stop Apache (PID: 21744)
9:33:31 PM  [Apache] 	Status change detected: stopped
9:33:31 PM  [mysql] 	Attempting to stop MySQL app...
9:33:32 PM  [mysql] 	Status change detected: stopped
9:33:39 PM  [main] 	Deinitializing Modules
9:33:39 PM  [main] 	Deinitializing Control Panel

08:55:37  [main] 	Initializing Control Panel
08:55:37  [main] 	Windows Version:  Home  64-bit
08:55:37  [main] 	XAMPP Version: 7.4.33
08:55:37  [main] 	Control Panel Version: 3.3.0  [ Compiled: Apr 6th 2021 ]
08:55:37  [main] 	You are not running with administrator rights! This will work for
08:55:37  [main] 	most application stuff but whenever you do something with services
08:55:37  [main] 	there will be a security dialogue or things will break! So think 
08:55:37  [main] 	about running this application with administrator rights!
08:55:37  [main] 	XAMPP Installation Directory: "c:\xampp\"
08:55:37  [main] 	Checking for prerequisites
08:55:39  [main] 	All prerequisites found
08:55:39  [main] 	Initializing Modules
08:55:39  [main] 	Starting Check-Timer
08:55:39  [main] 	Control Panel Ready
08:55:41  [Apache] 	Attempting to start Apache app...
08:55:41  [Apache] 	Status change detected: running
08:55:43  [mysql] 	Attempting to start MySQL app...
08:55:44  [mysql] 	Status change detected: running
09:02:14  [Apache] 	Attempting to stop Apache (PID: 9668)
09:02:14  [Apache] 	Attempting to stop Apache (PID: 8108)
09:02:14  [Apache] 	Status change detected: stopped
09:02:15  [mysql] 	Attempting to stop MySQL app...
09:02:15  [mysql] 	Status change detected: stopped
09:02:17  [main] 	Deinitializing Modules
09:02:17  [main] 	Deinitializing Control Panel

21:46:54  [main] 	Initializing Control Panel
21:46:54  [main] 	Windows Version:  Enterprise  64-bit
21:46:54  [main] 	XAMPP Version: 7.4.33
21:46:54  [main] 	Control Panel Version: 3.3.0  [ Compiled: Apr 6th 2021 ]
21:46:54  [main] 	You are not running with administrator rights! This will work for
21:46:54  [main] 	most application stuff but whenever you do something with services
21:46:54  [main] 	there will be a security dialogue or things will break! So think 
21:46:54  [main] 	about running this application with administrator rights!
21:46:54  [main] 	XAMPP Installation Directory: "c:\xampp\"
21:46:54  [main] 	Checking for prerequisites
21:46:54  [main] 	All prerequisites found
21:46:54  [main] 	Initializing Modules
21:46:54  [main] 	Starting Check-Timer
21:46:54  [main] 	Control Panel Ready
21:46:57  [Apache] 	Attempting to start Apache service...
21:47:01  [Apache] 	Status change detected: running
21:47:02  [mysql] 	Attempting to start MySQL app...
21:47:03  [mysql] 	Status change detected: running
22:17:32  [mysql] 	Attempting to stop MySQL app...
22:17:33  [mysql] 	Status change detected: stopped
22:17:33  [Apache] 	Attempting to stop Apache service...
22:17:48  [mysql] 	Attempting to start MySQL app...
22:17:48  [mysql] 	Status change detected: running
22:18:06  [Apache] 	Status change detected: stopped
22:18:27  [Apache] 	Attempting to start Apache service...
22:18:32  [Apache] 	Status change detected: running
23:01:56  [mysql] 	Attempting to stop MySQL app...
23:01:57  [mysql] 	Status change detected: stopped
23:01:57  [Apache] 	Attempting to stop Apache service...
23:02:05  [Apache] 	Status change detected: stopped
23:06:07  [Apache] 	Status change detected: running
23:06:08  [mysql] 	Status change detected: running
23:48:14  [mysql] 	Status change detected: stopped
23:51:58  [Apache] 	Status change detected: stopped
12:02:25  [main] 	Deinitializing Modules
12:02:25  [main] 	Deinitializing Control Panel

23:05:57  [main] 	Initializing Control Panel
23:05:57  [main] 	Windows Version:  Enterprise  64-bit
23:05:57  [main] 	XAMPP Version: 7.4.33
23:05:57  [main] 	Control Panel Version: 3.3.0  [ Compiled: Apr 6th 2021 ]
23:05:57  [main] 	You are not running with administrator rights! This will work for
23:05:57  [main] 	most application stuff but whenever you do something with services
23:05:57  [main] 	there will be a security dialogue or things will break! So think 
23:05:57  [main] 	about running this application with administrator rights!
23:05:57  [main] 	XAMPP Installation Directory: "c:\xampp\"
23:05:57  [main] 	Checking for prerequisites
23:05:57  [main] 	All prerequisites found
23:05:57  [main] 	Initializing Modules
23:05:57  [main] 	Starting Check-Timer
23:05:57  [main] 	Control Panel Ready
23:06:04  [Apache] 	Attempting to start Apache service...
23:06:07  [Apache] 	Status change detected: running
23:06:08  [mysql] 	Attempting to start MySQL app...
23:06:08  [mysql] 	Status change detected: running
23:48:14  [mysql] 	Attempting to stop MySQL app...
23:48:14  [mysql] 	Status change detected: stopped
23:48:14  [Apache] 	Attempting to stop Apache service...
23:51:59  [Apache] 	Status change detected: stopped
12:02:32  [main] 	Deinitializing Modules
12:02:32  [main] 	Deinitializing Control Panel

14:50:35  [main] 	Initializing Control Panel
14:50:35  [main] 	Windows Version:  Enterprise  64-bit
14:50:35  [main] 	XAMPP Version: 7.4.33
14:50:35  [main] 	Control Panel Version: 3.3.0  [ Compiled: Apr 6th 2021 ]
14:50:35  [main] 	You are not running with administrator rights! This will work for
14:50:35  [main] 	most application stuff but whenever you do something with services
14:50:35  [main] 	there will be a security dialogue or things will break! So think 
14:50:35  [main] 	about running this application with administrator rights!
14:50:35  [main] 	XAMPP Installation Directory: "c:\xampp\"
14:50:35  [main] 	Checking for prerequisites
14:50:36  [main] 	All prerequisites found
14:50:36  [main] 	Initializing Modules
14:50:36  [main] 	Starting Check-Timer
14:50:36  [main] 	Control Panel Ready
14:50:38  [Apache] 	Attempting to start Apache service...
14:50:42  [Apache] 	Status change detected: running
14:50:43  [mysql] 	Attempting to start MySQL app...
14:50:44  [mysql] 	Status change detected: running
15:04:54  [mysql] 	Attempting to stop MySQL app...
15:04:54  [mysql] 	Status change detected: stopped
15:04:54  [Apache] 	Attempting to stop Apache service...
15:05:01  [Apache] 	Status change detected: stopped
15:05:02  [mysql] 	Attempting to start MySQL app...
15:05:02  [mysql] 	Status change detected: running
15:05:31  [mysql] 	Attempting to stop MySQL app...
15:05:31  [mysql] 	Status change detected: stopped
15:05:36  [main] 	Deinitializing Modules
15:05:36  [main] 	Deinitializing Control Panel

12:34:41  [main] 	Initializing Control Panel
12:34:41  [main] 	Windows Version:  Enterprise  64-bit
12:34:41  [main] 	XAMPP Version: 7.4.33
12:34:41  [main] 	Control Panel Version: 3.3.0  [ Compiled: Apr 6th 2021 ]
12:34:41  [main] 	You are not running with administrator rights! This will work for
12:34:41  [main] 	most application stuff but whenever you do something with services
12:34:41  [main] 	there will be a security dialogue or things will break! So think 
12:34:41  [main] 	about running this application with administrator rights!
12:34:41  [main] 	XAMPP Installation Directory: "c:\xampp\"
12:34:41  [main] 	Checking for prerequisites
12:34:42  [main] 	All prerequisites found
12:34:42  [main] 	Initializing Modules
12:34:42  [main] 	Starting Check-Timer
12:34:42  [main] 	Control Panel Ready
12:34:45  [Apache] 	Attempting to start Apache app...
12:34:45  [Apache] 	Status change detected: running
12:34:45  [mysql] 	Attempting to start MySQL app...
12:34:46  [mysql] 	Status change detected: running
13:56:09  [Apache] 	Attempting to stop Apache (PID: 17740)
13:56:09  [Apache] 	Attempting to stop Apache (PID: 17372)
13:56:10  [Apache] 	Status change detected: stopped
13:56:10  [mysql] 	Attempting to stop MySQL app...
13:56:10  [mysql] 	Status change detected: stopped
13:56:13  [main] 	Deinitializing Modules
13:56:13  [main] 	Deinitializing Control Panel

15:17:56  [main] 	Initializing Control Panel
15:17:56  [main] 	Windows Version:  Enterprise  64-bit
15:17:56  [main] 	XAMPP Version: 7.4.33
15:17:56  [main] 	Control Panel Version: 3.3.0  [ Compiled: Apr 6th 2021 ]
15:17:56  [main] 	You are not running with administrator rights! This will work for
15:17:56  [main] 	most application stuff but whenever you do something with services
15:17:56  [main] 	there will be a security dialogue or things will break! So think 
15:17:56  [main] 	about running this application with administrator rights!
15:17:56  [main] 	XAMPP Installation Directory: "c:\xampp\"
15:17:56  [main] 	Checking for prerequisites
15:17:57  [main] 	All prerequisites found
15:17:57  [main] 	Initializing Modules
15:17:57  [main] 	Starting Check-Timer
15:17:57  [main] 	Control Panel Ready
15:18:01  [Apache] 	Attempting to start Apache app...
15:18:01  [Apache] 	Status change detected: running
15:18:02  [mysql] 	Attempting to start MySQL app...
15:18:02  [mysql] 	Status change detected: running
16:08:43  [Apache] 	Attempting to stop Apache (PID: 9712)
16:08:43  [Apache] 	Attempting to stop Apache (PID: 7648)
16:08:43  [Apache] 	Status change detected: stopped
16:08:43  [mysql] 	Attempting to stop MySQL app...
16:08:44  [mysql] 	Status change detected: stopped
16:08:45  [main] 	Deinitializing Modules
16:08:45  [main] 	Deinitializing Control Panel

